<?xml version="1.0" encoding="UTF-8"?>
<coverage generated="1715601006320" clover="3.2.0">
  <project timestamp="1715601006321" name="All files">
    <metrics statements="45" coveredstatements="25" conditionals="8" coveredconditionals="0" methods="16" coveredmethods="8" elements="69" coveredelements="33" complexity="0" loc="45" ncloc="45" packages="2" files="8" classes="8"/>
    <package name="components">
      <metrics statements="18" coveredstatements="18" conditionals="0" coveredconditionals="0" methods="8" coveredmethods="8"/>
      <file name="Contact.js" path="C:\Users\anike\OneDrive\Desktop\namaste-react\src\components\Contact.js">
        <metrics statements="2" coveredstatements="2" conditionals="0" coveredconditionals="0" methods="1" coveredmethods="1"/>
        <line num="3" count="1" type="stmt"/>
        <line num="4" count="3" type="stmt"/>
      </file>
      <file name="Header.js" path="C:\Users\anike\OneDrive\Desktop\namaste-react\src\components\Header.js">
        <metrics statements="2" coveredstatements="2" conditionals="0" coveredconditionals="0" methods="1" coveredmethods="1"/>
        <line num="5" count="1" type="stmt"/>
        <line num="6" count="1" type="stmt"/>
      </file>
      <file name="NavItems.js" path="C:\Users\anike\OneDrive\Desktop\namaste-react\src\components\NavItems.js">
        <metrics statements="3" coveredstatements="3" conditionals="0" coveredconditionals="0" methods="2" coveredmethods="2"/>
        <line num="3" count="1" type="stmt"/>
        <line num="5" count="2" type="stmt"/>
        <line num="6" count="1" type="stmt"/>
      </file>
      <file name="RestaurantCard.js" path="C:\Users\anike\OneDrive\Desktop\namaste-react\src\components\RestaurantCard.js">
        <metrics statements="9" coveredstatements="9" conditionals="0" coveredconditionals="0" methods="3" coveredmethods="3"/>
        <line num="5" count="1" type="stmt"/>
        <line num="6" count="3" type="stmt"/>
        <line num="7" count="3" type="stmt"/>
        <line num="8" count="3" type="stmt"/>
        <line num="9" count="3" type="stmt"/>
        <line num="11" count="3" type="stmt"/>
        <line num="35" count="1" type="stmt"/>
        <line num="36" count="1" type="stmt"/>
        <line num="37" count="1" type="stmt"/>
      </file>
      <file name="sum.js" path="C:\Users\anike\OneDrive\Desktop\namaste-react\src\components\sum.js">
        <metrics statements="2" coveredstatements="2" conditionals="0" coveredconditionals="0" methods="1" coveredmethods="1"/>
        <line num="1" count="1" type="stmt"/>
        <line num="2" count="1" type="stmt"/>
      </file>
    </package>
    <package name="utils">
      <metrics statements="27" coveredstatements="7" conditionals="8" coveredconditionals="0" methods="8" coveredmethods="0"/>
      <file name="appStore.js" path="C:\Users\anike\OneDrive\Desktop\namaste-react\src\utils\appStore.js">
        <metrics statements="1" coveredstatements="1" conditionals="0" coveredconditionals="0" methods="0" coveredmethods="0"/>
        <line num="4" count="1" type="stmt"/>
      </file>
      <file name="cartSlice.js" path="C:\Users\anike\OneDrive\Desktop\namaste-react\src\utils\cartSlice.js">
        <metrics statements="22" coveredstatements="2" conditionals="8" coveredconditionals="0" methods="8" coveredmethods="0"/>
        <line num="2" count="1" type="stmt"/>
        <line num="9" count="0" type="stmt"/>
        <line num="10" count="0" type="stmt"/>
        <line num="11" count="0" type="stmt"/>
        <line num="12" count="0" type="stmt"/>
        <line num="15" count="0" type="cond" truecount="0" falsecount="2"/>
        <line num="16" count="0" type="stmt"/>
        <line num="18" count="0" type="stmt"/>
        <line num="19" count="0" type="stmt"/>
        <line num="23" count="0" type="stmt"/>
        <line num="26" count="0" type="stmt"/>
        <line num="29" count="0" type="stmt"/>
        <line num="30" count="0" type="stmt"/>
        <line num="33" count="0" type="cond" truecount="0" falsecount="2"/>
        <line num="34" count="0" type="stmt"/>
        <line num="38" count="0" type="stmt"/>
        <line num="39" count="0" type="cond" truecount="0" falsecount="2"/>
        <line num="40" count="0" type="cond" truecount="0" falsecount="2"/>
        <line num="41" count="0" type="stmt"/>
        <line num="43" count="0" type="stmt"/>
        <line num="46" count="0" type="stmt"/>
        <line num="53" count="1" type="stmt"/>
      </file>
      <file name="constant.js" path="C:\Users\anike\OneDrive\Desktop\namaste-react\src\utils\constant.js">
        <metrics statements="4" coveredstatements="4" conditionals="0" coveredconditionals="0" methods="0" coveredmethods="0"/>
        <line num="1" count="2" type="stmt"/>
        <line num="3" count="2" type="stmt"/>
        <line num="5" count="2" type="stmt"/>
        <line num="7" count="2" type="stmt"/>
      </file>
    </package>
  </project>
</coverage>
