{"C:\\Users\\anike\\OneDrive\\Desktop\\namaste-react\\src\\components\\Contact.js": {"path":"C:\\Users\\anike\\OneDrive\\Desktop\\namaste-react\\src\\components\\Contact.js","statementMap":{"0":{"start":{"line":3,"column":23},"end":{"line":55,"column":1}},"1":{"start":{"line":4,"column":2},"end":{"line":54,"column":4}}},"fnMap":{"0":{"name":"(anonymous_0)","decl":{"start":{"line":3,"column":23},"end":{"line":3,"column":24}},"loc":{"start":{"line":3,"column":29},"end":{"line":55,"column":1}},"line":3}},"branchMap":{},"s":{"0":1,"1":3},"f":{"0":3},"b":{},"_coverageSchema":"1a1c01bbd47fc00a2c39e90264f33305004495a9","hash":"e746c61758b66ab57f5672d7513d300dca18b219"}
,"C:\\Users\\anike\\OneDrive\\Desktop\\namaste-react\\src\\components\\Header.js": {"path":"C:\\Users\\anike\\OneDrive\\Desktop\\namaste-react\\src\\components\\Header.js","statementMap":{"0":{"start":{"line":5,"column":22},"end":{"line":23,"column":1}},"1":{"start":{"line":6,"column":2},"end":{"line":22,"column":4}}},"fnMap":{"0":{"name":"(anonymous_0)","decl":{"start":{"line":5,"column":22},"end":{"line":5,"column":23}},"loc":{"start":{"line":5,"column":28},"end":{"line":23,"column":1}},"line":5}},"branchMap":{},"s":{"0":1,"1":1},"f":{"0":1},"b":{},"_coverageSchema":"1a1c01bbd47fc00a2c39e90264f33305004495a9","hash":"5772561df57e00f2f8db67bc5aa3fb7b9d815732"}
,"C:\\Users\\anike\\OneDrive\\Desktop\\namaste-react\\src\\components\\NavItems.js": {"path":"C:\\Users\\anike\\OneDrive\\Desktop\\namaste-react\\src\\components\\NavItems.js","statementMap":{"0":{"start":{"line":3,"column":24},"end":{"line":36,"column":1}},"1":{"start":{"line":5,"column":20},"end":{"line":5,"column":58}},"2":{"start":{"line":5,"column":42},"end":{"line":5,"column":57}},"3":{"start":{"line":6,"column":2},"end":{"line":35,"column":4}}},"fnMap":{"0":{"name":"(anonymous_0)","decl":{"start":{"line":3,"column":24},"end":{"line":3,"column":25}},"loc":{"start":{"line":3,"column":30},"end":{"line":36,"column":1}},"line":3},"1":{"name":"(anonymous_1)","decl":{"start":{"line":5,"column":32},"end":{"line":5,"column":33}},"loc":{"start":{"line":5,"column":42},"end":{"line":5,"column":57}},"line":5}},"branchMap":{},"s":{"0":1,"1":1,"2":2,"3":1},"f":{"0":1,"1":2},"b":{},"_coverageSchema":"1a1c01bbd47fc00a2c39e90264f33305004495a9","hash":"897d422eea55aaf5169a5ba56aa4b4552dca5068"}
,"C:\\Users\\anike\\OneDrive\\Desktop\\namaste-react\\src\\components\\RestaurantCard.js": {"path":"C:\\Users\\anike\\OneDrive\\Desktop\\namaste-react\\src\\components\\RestaurantCard.js","statementMap":{"0":{"start":{"line":5,"column":30},"end":{"line":33,"column":1}},"1":{"start":{"line":6,"column":22},"end":{"line":6,"column":27}},"2":{"start":{"line":7,"column":53},"end":{"line":7,"column":60}},"3":{"start":{"line":8,"column":23},"end":{"line":8,"column":44}},"4":{"start":{"line":9,"column":2},"end":{"line":9,"column":22}},"5":{"start":{"line":11,"column":2},"end":{"line":32,"column":4}},"6":{"start":{"line":35,"column":31},"end":{"line":59,"column":1}},"7":{"start":{"line":36,"column":2},"end":{"line":58,"column":4}},"8":{"start":{"line":37,"column":4},"end":{"line":57,"column":6}}},"fnMap":{"0":{"name":"(anonymous_0)","decl":{"start":{"line":5,"column":30},"end":{"line":5,"column":31}},"loc":{"start":{"line":5,"column":41},"end":{"line":33,"column":1}},"line":5},"1":{"name":"(anonymous_1)","decl":{"start":{"line":35,"column":31},"end":{"line":35,"column":32}},"loc":{"start":{"line":35,"column":51},"end":{"line":59,"column":1}},"line":35},"2":{"name":"(anonymous_2)","decl":{"start":{"line":36,"column":9},"end":{"line":36,"column":10}},"loc":{"start":{"line":36,"column":20},"end":{"line":58,"column":3}},"line":36}},"branchMap":{},"s":{"0":1,"1":3,"2":3,"3":3,"4":3,"5":3,"6":1,"7":1,"8":1},"f":{"0":3,"1":1,"2":1},"b":{},"_coverageSchema":"1a1c01bbd47fc00a2c39e90264f33305004495a9","hash":"92c08f3a392d20b5144a505d8ccca830b0409624"}
,"C:\\Users\\anike\\OneDrive\\Desktop\\namaste-react\\src\\components\\sum.js": {"path":"C:\\Users\\anike\\OneDrive\\Desktop\\namaste-react\\src\\components\\sum.js","statementMap":{"0":{"start":{"line":1,"column":19},"end":{"line":3,"column":1}},"1":{"start":{"line":2,"column":4},"end":{"line":2,"column":17}}},"fnMap":{"0":{"name":"(anonymous_0)","decl":{"start":{"line":1,"column":19},"end":{"line":1,"column":20}},"loc":{"start":{"line":1,"column":28},"end":{"line":3,"column":1}},"line":1}},"branchMap":{},"s":{"0":1,"1":1},"f":{"0":1},"b":{},"_coverageSchema":"1a1c01bbd47fc00a2c39e90264f33305004495a9","hash":"f73397e7895467bf5955bfdc1817d2bab1739fdf"}
,"C:\\Users\\anike\\OneDrive\\Desktop\\namaste-react\\src\\utils\\appStore.js": {"path":"C:\\Users\\anike\\OneDrive\\Desktop\\namaste-react\\src\\utils\\appStore.js","statementMap":{"0":{"start":{"line":4,"column":17},"end":{"line":8,"column":2}}},"fnMap":{},"branchMap":{},"s":{"0":1},"f":{},"b":{},"_coverageSchema":"1a1c01bbd47fc00a2c39e90264f33305004495a9","hash":"9dd4f80acb75b31ec846f3b1a31bc8018600c8f9"}
,"C:\\Users\\anike\\OneDrive\\Desktop\\namaste-react\\src\\utils\\cartSlice.js": {"path":"C:\\Users\\anike\\OneDrive\\Desktop\\namaste-react\\src\\utils\\cartSlice.js","statementMap":{"0":{"start":{"line":2,"column":18},"end":{"line":50,"column":2}},"1":{"start":{"line":9,"column":22},"end":{"line":9,"column":36}},"2":{"start":{"line":10,"column":24},"end":{"line":10,"column":44}},"3":{"start":{"line":11,"column":27},"end":{"line":13,"column":7}},"4":{"start":{"line":12,"column":18},"end":{"line":12,"column":49}},"5":{"start":{"line":15,"column":6},"end":{"line":20,"column":7}},"6":{"start":{"line":16,"column":8},"end":{"line":16,"column":35}},"7":{"start":{"line":18,"column":8},"end":{"line":18,"column":29}},"8":{"start":{"line":19,"column":8},"end":{"line":19,"column":33}},"9":{"start":{"line":23,"column":6},"end":{"line":23,"column":23}},"10":{"start":{"line":26,"column":6},"end":{"line":26,"column":28}},"11":{"start":{"line":29,"column":27},"end":{"line":31,"column":7}},"12":{"start":{"line":30,"column":18},"end":{"line":30,"column":67}},"13":{"start":{"line":33,"column":6},"end":{"line":35,"column":7}},"14":{"start":{"line":34,"column":8},"end":{"line":34,"column":35}},"15":{"start":{"line":38,"column":6},"end":{"line":47,"column":9}},"16":{"start":{"line":39,"column":8},"end":{"line":45,"column":9}},"17":{"start":{"line":40,"column":10},"end":{"line":44,"column":11}},"18":{"start":{"line":41,"column":12},"end":{"line":41,"column":24}},"19":{"start":{"line":43,"column":12},"end":{"line":43,"column":31}},"20":{"start":{"line":46,"column":8},"end":{"line":46,"column":20}},"21":{"start":{"line":53,"column":2},"end":{"line":53,"column":19}}},"fnMap":{"0":{"name":"(anonymous_0)","decl":{"start":{"line":8,"column":13},"end":{"line":8,"column":14}},"loc":{"start":{"line":8,"column":32},"end":{"line":21,"column":5}},"line":8},"1":{"name":"(anonymous_1)","decl":{"start":{"line":12,"column":8},"end":{"line":12,"column":9}},"loc":{"start":{"line":12,"column":18},"end":{"line":12,"column":49}},"line":12},"2":{"name":"(anonymous_2)","decl":{"start":{"line":22,"column":16},"end":{"line":22,"column":17}},"loc":{"start":{"line":22,"column":35},"end":{"line":24,"column":5}},"line":22},"3":{"name":"(anonymous_3)","decl":{"start":{"line":25,"column":15},"end":{"line":25,"column":16}},"loc":{"start":{"line":25,"column":34},"end":{"line":27,"column":5}},"line":25},"4":{"name":"(anonymous_4)","decl":{"start":{"line":28,"column":18},"end":{"line":28,"column":19}},"loc":{"start":{"line":28,"column":37},"end":{"line":36,"column":5}},"line":28},"5":{"name":"(anonymous_5)","decl":{"start":{"line":30,"column":8},"end":{"line":30,"column":9}},"loc":{"start":{"line":30,"column":18},"end":{"line":30,"column":67}},"line":30},"6":{"name":"(anonymous_6)","decl":{"start":{"line":37,"column":18},"end":{"line":37,"column":19}},"loc":{"start":{"line":37,"column":37},"end":{"line":48,"column":5}},"line":37},"7":{"name":"(anonymous_7)","decl":{"start":{"line":38,"column":21},"end":{"line":38,"column":22}},"loc":{"start":{"line":38,"column":31},"end":{"line":47,"column":7}},"line":38}},"branchMap":{"0":{"loc":{"start":{"line":15,"column":6},"end":{"line":20,"column":7}},"type":"if","locations":[{"start":{"line":15,"column":6},"end":{"line":20,"column":7}},{"start":{"line":17,"column":13},"end":{"line":20,"column":7}}],"line":15},"1":{"loc":{"start":{"line":33,"column":6},"end":{"line":35,"column":7}},"type":"if","locations":[{"start":{"line":33,"column":6},"end":{"line":35,"column":7}},{"start":{},"end":{}}],"line":33},"2":{"loc":{"start":{"line":39,"column":8},"end":{"line":45,"column":9}},"type":"if","locations":[{"start":{"line":39,"column":8},"end":{"line":45,"column":9}},{"start":{},"end":{}}],"line":39},"3":{"loc":{"start":{"line":40,"column":10},"end":{"line":44,"column":11}},"type":"if","locations":[{"start":{"line":40,"column":10},"end":{"line":44,"column":11}},{"start":{"line":42,"column":17},"end":{"line":44,"column":11}}],"line":40}},"s":{"0":1,"1":0,"2":0,"3":0,"4":0,"5":0,"6":0,"7":0,"8":0,"9":0,"10":0,"11":0,"12":0,"13":0,"14":0,"15":0,"16":0,"17":0,"18":0,"19":0,"20":0,"21":1},"f":{"0":0,"1":0,"2":0,"3":0,"4":0,"5":0,"6":0,"7":0},"b":{"0":[0,0],"1":[0,0],"2":[0,0],"3":[0,0]},"_coverageSchema":"1a1c01bbd47fc00a2c39e90264f33305004495a9","hash":"61b28f304ca28b2ef183a74142a047e8fef69375"}
,"C:\\Users\\anike\\OneDrive\\Desktop\\namaste-react\\src\\utils\\constant.js": {"path":"C:\\Users\\anike\\OneDrive\\Desktop\\namaste-react\\src\\utils\\constant.js","statementMap":{"0":{"start":{"line":1,"column":25},"end":{"line":1,"column":108}},"1":{"start":{"line":3,"column":23},"end":{"line":3,"column":183}},"2":{"start":{"line":5,"column":24},"end":{"line":5,"column":95}},"3":{"start":{"line":7,"column":24},"end":{"line":7,"column":169}}},"fnMap":{},"branchMap":{},"s":{"0":2,"1":2,"2":2,"3":2},"f":{},"b":{},"_coverageSchema":"1a1c01bbd47fc00a2c39e90264f33305004495a9","hash":"270523acead809a4706f35b74a613bfd77cb9aa3"}
}
