TN:
SF:src\components\Body.js
FN:7,(anonymous_0)
FN:37,(anonymous_1)
FN:45,(anonymous_2)
FN:46,(anonymous_3)
FN:62,(anonymous_4)
FN:64,(anonymous_5)
FN:74,(anonymous_6)
FN:76,(anonymous_7)
FN:86,(anonymous_8)
FN:88,(anonymous_9)
FN:99,(anonymous_10)
FNF:11
FNH:0
FNDA:0,(anonymous_0)
FNDA:0,(anonymous_1)
FNDA:0,(anonymous_2)
FNDA:0,(anonymous_3)
FNDA:0,(anonymous_4)
FNDA:0,(anonymous_5)
FNDA:0,(anonymous_6)
FNDA:0,(anonymous_7)
FNDA:0,(anonymous_8)
FNDA:0,(anonymous_9)
FNDA:0,(anonymous_10)
DA:7,1
DA:13,0
DA:15,0
DA:17,0
DA:19,0
DA:21,0
DA:22,0
DA:25,0
DA:26,0
DA:29,0
DA:38,0
DA:46,0
DA:47,0
DA:52,0
DA:63,0
DA:64,0
DA:66,0
DA:75,0
DA:76,0
DA:78,0
DA:87,0
DA:88,0
DA:90,0
DA:100,0
LF:24
LH:1
BRDA:21,0,0,0
BRDA:21,0,1,0
BRDA:25,1,0,0
BRDA:25,1,1,0
BRDA:97,2,0,0
BRDA:97,2,1,0
BRDA:100,3,0,0
BRDA:100,3,1,0
BRF:8
BRH:0
end_of_record
TN:
SF:src\components\Contact.js
FN:3,(anonymous_0)
FNF:1
FNH:1
FNDA:3,(anonymous_0)
DA:3,1
DA:4,3
LF:2
LH:2
BRF:0
BRH:0
end_of_record
TN:
SF:src\components\Header.js
FN:5,(anonymous_0)
FNF:1
FNH:1
FNDA:1,(anonymous_0)
DA:5,1
DA:6,1
LF:2
LH:2
BRF:0
BRH:0
end_of_record
TN:
SF:src\components\NavItems.js
FN:3,(anonymous_0)
FN:5,(anonymous_1)
FNF:2
FNH:2
FNDA:1,(anonymous_0)
FNDA:2,(anonymous_1)
DA:3,1
DA:5,2
DA:6,1
LF:3
LH:3
BRF:0
BRH:0
end_of_record
TN:
SF:src\components\OfflinePage.js
FN:1,(anonymous_0)
FNF:1
FNH:0
FNDA:0,(anonymous_0)
DA:1,1
DA:2,0
LF:2
LH:1
BRF:0
BRH:0
end_of_record
TN:
SF:src\components\RestaurantCard.js
FN:5,(anonymous_0)
FN:35,(anonymous_1)
FN:36,(anonymous_2)
FNF:3
FNH:3
FNDA:3,(anonymous_0)
FNDA:1,(anonymous_1)
FNDA:1,(anonymous_2)
DA:5,2
DA:6,3
DA:7,3
DA:8,3
DA:9,3
DA:11,3
DA:35,2
DA:36,1
DA:37,1
LF:9
LH:9
BRF:0
BRH:0
end_of_record
TN:
SF:src\components\Shimmer.js
FN:1,(anonymous_0)
FN:2,(anonymous_1)
FNF:2
FNH:0
FNDA:0,(anonymous_0)
FNDA:0,(anonymous_1)
DA:1,1
DA:2,0
DA:3,0
DA:4,0
DA:5,0
DA:6,0
DA:14,0
DA:17,0
LF:8
LH:1
BRF:0
BRH:0
end_of_record
TN:
SF:src\components\sum.js
FN:1,(anonymous_0)
FNF:1
FNH:1
FNDA:1,(anonymous_0)
DA:1,1
DA:2,1
LF:2
LH:2
BRF:0
BRH:0
end_of_record
TN:
SF:src\utils\appStore.js
FNF:0
FNH:0
DA:4,1
LF:1
LH:1
BRF:0
BRH:0
end_of_record
TN:
SF:src\utils\cartSlice.js
FN:8,(anonymous_0)
FN:12,(anonymous_1)
FN:22,(anonymous_2)
FN:25,(anonymous_3)
FN:28,(anonymous_4)
FN:30,(anonymous_5)
FN:37,(anonymous_6)
FN:38,(anonymous_7)
FNF:8
FNH:0
FNDA:0,(anonymous_0)
FNDA:0,(anonymous_1)
FNDA:0,(anonymous_2)
FNDA:0,(anonymous_3)
FNDA:0,(anonymous_4)
FNDA:0,(anonymous_5)
FNDA:0,(anonymous_6)
FNDA:0,(anonymous_7)
DA:2,1
DA:9,0
DA:10,0
DA:11,0
DA:12,0
DA:15,0
DA:16,0
DA:18,0
DA:19,0
DA:23,0
DA:26,0
DA:29,0
DA:30,0
DA:33,0
DA:34,0
DA:38,0
DA:39,0
DA:40,0
DA:41,0
DA:43,0
DA:46,0
DA:53,1
LF:22
LH:2
BRDA:15,0,0,0
BRDA:15,0,1,0
BRDA:33,1,0,0
BRDA:33,1,1,0
BRDA:39,2,0,0
BRDA:39,2,1,0
BRDA:40,3,0,0
BRDA:40,3,1,0
BRF:8
BRH:0
end_of_record
TN:
SF:src\utils\constant.js
FNF:0
FNH:0
DA:1,3
DA:3,3
DA:5,3
DA:7,3
LF:4
LH:4
BRF:0
BRH:0
end_of_record
TN:
SF:src\utils\useFetchFilterRestroList.js
FN:3,(anonymous_0)
FN:7,(anonymous_1)
FN:11,(anonymous_2)
FNF:3
FNH:0
FNDA:0,(anonymous_0)
FNDA:0,(anonymous_1)
FNDA:0,(anonymous_2)
DA:3,1
DA:4,0
DA:5,0
DA:7,0
DA:8,0
DA:11,0
DA:12,0
DA:14,0
DA:15,0
DA:17,0
DA:20,0
DA:24,0
LF:12
LH:1
BRF:0
BRH:0
end_of_record
TN:
SF:src\utils\useOnlineStatus.js
FN:3,(anonymous_0)
FN:6,(anonymous_1)
FN:7,(anonymous_2)
FN:10,(anonymous_3)
FNF:4
FNH:0
FNDA:0,(anonymous_0)
FNDA:0,(anonymous_1)
FNDA:0,(anonymous_2)
FNDA:0,(anonymous_3)
DA:3,1
DA:4,0
DA:6,0
DA:7,0
DA:8,0
DA:10,0
DA:11,0
DA:15,0
LF:8
LH:1
BRF:0
BRH:0
end_of_record
